<?xml version="1.0" encoding="UTF-8"?>
<!-- Generated by org.testng.reporters.JUnitXMLReporter -->
<testsuite ignored="2" hostname="WINDOWS-SBM5E6C" failures="0" tests="9" name="Test" time="71.915" errors="0" timestamp="2022-12-08T09:10:35 IST">
  <testcase classname="org.Selenium.GcReddy.batchNo32.LoggerClass_Caller" name="TestCase1" time="0.026"/>
  <testcase classname="org.Selenium.GcReddy.batchNo32.LoggerClass_Caller" name="TestCase2" time="0.044"/>
  <testcase classname="org.Selenium.GcReddy.batchNo32.LoggerClass_Caller" name="userIDFieldValidation" time="0.043"/>
  <testcase classname="org.Selenium.GcReddy.batchNo32.LoginActions_PositiveData1" name="Login_Runner_onlyPasitiveData" time="4.778"/>
  <testcase classname="org.Selenium.GcReddy.batchNo32.LoginActions_MultipleData" name="Login_Runner_MultipleData" time="6.969"/>
  <testcase classname="org.Selenium.GcReddy.batchNo32.LoginActions_MultipleData" name="Login_Runner_MultipleData" time="6.896"/>
  <testcase classname="org.Selenium.GcReddy.batchNo32.LoginActions_MultipleData" name="Login_Runner_MultipleData" time="6.924"/>
  <testcase classname="org.Selenium.GcReddy.batchNo32.LoginActions_MultipleData" name="Login_Runner_MultipleData" time="6.693"/>
  <testcase classname="org.Selenium.GcReddy.batchNo32.LoginActions_MultipleData" name="Login_Runner_MultipleData" time="6.647"/>
  <testcase classname="org.Selenium.batchNo32.baseClass.BaseClass" name="@BeforeSuite intiliaseFiles" time="0.0">
    <ignored/>
  </testcase> <!-- @BeforeSuite intiliaseFiles -->
  <testcase classname="org.Selenium.batchNo32.baseClass.BaseClass" name="@AfterTest FLushReports" time="0.0">
    <ignored/>
  </testcase> <!-- @AfterTest FLushReports -->
</testsuite> <!-- Test -->
