<?xml version="1.0" encoding="UTF-8"?>
<!-- Generated by org.testng.reporters.JUnitXMLReporter -->
<testsuite hostname="WINDOWS-SBM5E6C" ignored="0" name="Test" tests="5" failures="0" timestamp="2022-12-09T09:09:32 IST" time="60.762" errors="0">
  <testcase name="Login_Runner_MultipleData" time="7.251" classname="org.Selenium.GcReddy.batchNo32.LoginActions_MultipleData"/>
  <testcase name="Login_Runner_MultipleData" time="6.907" classname="org.Selenium.GcReddy.batchNo32.LoginActions_MultipleData"/>
  <testcase name="Login_Runner_MultipleData" time="7.06" classname="org.Selenium.GcReddy.batchNo32.LoginActions_MultipleData"/>
  <testcase name="Login_Runner_MultipleData" time="6.825" classname="org.Selenium.GcReddy.batchNo32.LoginActions_MultipleData"/>
  <testcase name="Login_Runner_MultipleData" time="6.866" classname="org.Selenium.GcReddy.batchNo32.LoginActions_MultipleData"/>
</testsuite> <!-- Test -->
