<?xml version="1.0" encoding="UTF-8"?>
<testng-results ignored="0" total="1" passed="1" failed="0" skipped="0">
  <reporter-output>
  </reporter-output>
  <suite started-at="2022-12-09T08:04:50 IST" name="Default suite" finished-at="2022-12-09T08:05:11 IST" duration-ms="20560">
    <groups>
    </groups>
    <test started-at="2022-12-09T08:04:50 IST" name="Default test" finished-at="2022-12-09T08:05:11 IST" duration-ms="20560">
      <class name="org.Selenium.GcReddy.batchNo32.LoginActions_PositiveData1">
        <test-method is-config="true" signature="intiliaseFiles()[pri:0, instance:org.Selenium.GcReddy.batchNo32.LoginActions_PositiveData1@71238fc2]" started-at="2022-12-09T08:04:49 IST" name="intiliaseFiles" finished-at="2022-12-09T08:04:50 IST" duration-ms="1593" status="PASS">
          <reporter-output>
          </reporter-output>
        </test-method> <!-- intiliaseFiles -->
        <test-method is-config="true" signature="OpenBrowserAndURL()[pri:0, instance:org.Selenium.GcReddy.batchNo32.LoginActions_PositiveData1@71238fc2]" started-at="2022-12-09T08:04:50 IST" name="OpenBrowserAndURL" finished-at="2022-12-09T08:05:04 IST" duration-ms="13597" status="PASS">
          <reporter-output>
          </reporter-output>
        </test-method> <!-- OpenBrowserAndURL -->
        <test-method signature="Login_Runner_onlyPasitiveData()[pri:0, instance:org.Selenium.GcReddy.batchNo32.LoginActions_PositiveData1@71238fc2]" started-at="2022-12-09T08:05:04 IST" name="Login_Runner_onlyPasitiveData" finished-at="2022-12-09T08:05:10 IST" duration-ms="5449" status="PASS">
          <reporter-output>
          </reporter-output>
        </test-method> <!-- Login_Runner_onlyPasitiveData -->
        <test-method is-config="true" signature="closeBroser()[pri:0, instance:org.Selenium.GcReddy.batchNo32.LoginActions_PositiveData1@71238fc2]" started-at="2022-12-09T08:05:10 IST" name="closeBroser" finished-at="2022-12-09T08:05:10 IST" duration-ms="648" status="PASS">
          <reporter-output>
          </reporter-output>
        </test-method> <!-- closeBroser -->
        <test-method is-config="true" signature="FLushReports()[pri:0, instance:org.Selenium.GcReddy.batchNo32.LoginActions_PositiveData1@71238fc2]" started-at="2022-12-09T08:05:10 IST" name="FLushReports" finished-at="2022-12-09T08:05:11 IST" duration-ms="795" status="PASS">
          <reporter-output>
          </reporter-output>
        </test-method> <!-- FLushReports -->
      </class> <!-- org.Selenium.GcReddy.batchNo32.LoginActions_PositiveData1 -->
    </test> <!-- Default test -->
  </suite> <!-- Default suite -->
</testng-results>
